D:\DEV\GIT\CS211A_GRAPHICSASSIGNMENT\GRAPHASSIGNMENT\GRAPHASSIGNMENT\DEBUG\INPUTMODULE.OBJ
D:\DEV\GIT\CS211A_GRAPHICSASSIGNMENT\GRAPHASSIGNMENT\GRAPHASSIGNMENT\DEBUG\MAIN.OBJ
D:\DEV\GIT\CS211A_GRAPHICSASSIGNMENT\GRAPHASSIGNMENT\GRAPHASSIGNMENT\DEBUG\SCENEMODULE.OBJ
D:\DEV\GIT\CS211A_GRAPHICSASSIGNMENT\GRAPHASSIGNMENT\GRAPHASSIGNMENT\DEBUG\VC110.PDB
D:\DEV\GIT\CS211A_GRAPHICSASSIGNMENT\GRAPHASSIGNMENT\DEBUG\GRAPHASSIGNMENT.ILK
D:\DEV\GIT\CS211A_GRAPHICSASSIGNMENT\GRAPHASSIGNMENT\DEBUG\GRAPHASSIGNMENT.EXE
D:\DEV\GIT\CS211A_GRAPHICSASSIGNMENT\GRAPHASSIGNMENT\DEBUG\GRAPHASSIGNMENT.PDB
D:\dev\git\CS211A_GraphicsAssignment\graphAssignment\graphAssignment\Debug\sceneModule.obj
D:\dev\git\CS211A_GraphicsAssignment\graphAssignment\graphAssignment\Debug\cl.command.1.tlog
D:\dev\git\CS211A_GraphicsAssignment\graphAssignment\graphAssignment\Debug\CL.read.1.tlog
D:\dev\git\CS211A_GraphicsAssignment\graphAssignment\graphAssignment\Debug\CL.write.1.tlog
D:\dev\git\CS211A_GraphicsAssignment\graphAssignment\graphAssignment\Debug\link-cvtres.read.1.tlog
D:\dev\git\CS211A_GraphicsAssignment\graphAssignment\graphAssignment\Debug\link-cvtres.write.1.tlog
D:\dev\git\CS211A_GraphicsAssignment\graphAssignment\graphAssignment\Debug\link-rc.read.1.tlog
D:\dev\git\CS211A_GraphicsAssignment\graphAssignment\graphAssignment\Debug\link-rc.write.1.tlog
D:\dev\git\CS211A_GraphicsAssignment\graphAssignment\graphAssignment\Debug\link.5484-cvtres.read.1.tlog
D:\dev\git\CS211A_GraphicsAssignment\graphAssignment\graphAssignment\Debug\link.5484-cvtres.write.1.tlog
D:\dev\git\CS211A_GraphicsAssignment\graphAssignment\graphAssignment\Debug\link.5484-rc.read.1.tlog
D:\dev\git\CS211A_GraphicsAssignment\graphAssignment\graphAssignment\Debug\link.5484-rc.write.1.tlog
D:\dev\git\CS211A_GraphicsAssignment\graphAssignment\graphAssignment\Debug\link.5484.read.1.tlog
D:\dev\git\CS211A_GraphicsAssignment\graphAssignment\graphAssignment\Debug\link.5484.write.1.tlog
D:\dev\git\CS211A_GraphicsAssignment\graphAssignment\graphAssignment\Debug\link.6100-cvtres.read.1.tlog
D:\dev\git\CS211A_GraphicsAssignment\graphAssignment\graphAssignment\Debug\link.6100-cvtres.write.1.tlog
D:\dev\git\CS211A_GraphicsAssignment\graphAssignment\graphAssignment\Debug\link.6100-rc.read.1.tlog
D:\dev\git\CS211A_GraphicsAssignment\graphAssignment\graphAssignment\Debug\link.6100-rc.write.1.tlog
D:\dev\git\CS211A_GraphicsAssignment\graphAssignment\graphAssignment\Debug\link.6100.read.1.tlog
D:\dev\git\CS211A_GraphicsAssignment\graphAssignment\graphAssignment\Debug\link.6100.write.1.tlog
D:\dev\git\CS211A_GraphicsAssignment\graphAssignment\graphAssignment\Debug\link.6716-cvtres.read.1.tlog
D:\dev\git\CS211A_GraphicsAssignment\graphAssignment\graphAssignment\Debug\link.6716-cvtres.write.1.tlog
D:\dev\git\CS211A_GraphicsAssignment\graphAssignment\graphAssignment\Debug\link.6716-rc.read.1.tlog
D:\dev\git\CS211A_GraphicsAssignment\graphAssignment\graphAssignment\Debug\link.6716-rc.write.1.tlog
D:\dev\git\CS211A_GraphicsAssignment\graphAssignment\graphAssignment\Debug\link.6716.read.1.tlog
D:\dev\git\CS211A_GraphicsAssignment\graphAssignment\graphAssignment\Debug\link.6716.write.1.tlog
D:\dev\git\CS211A_GraphicsAssignment\graphAssignment\graphAssignment\Debug\link.8064-cvtres.read.1.tlog
D:\dev\git\CS211A_GraphicsAssignment\graphAssignment\graphAssignment\Debug\link.8064-cvtres.write.1.tlog
D:\dev\git\CS211A_GraphicsAssignment\graphAssignment\graphAssignment\Debug\link.8064-rc.read.1.tlog
D:\dev\git\CS211A_GraphicsAssignment\graphAssignment\graphAssignment\Debug\link.8064-rc.write.1.tlog
D:\dev\git\CS211A_GraphicsAssignment\graphAssignment\graphAssignment\Debug\link.8064.read.1.tlog
D:\dev\git\CS211A_GraphicsAssignment\graphAssignment\graphAssignment\Debug\link.8064.write.1.tlog
D:\dev\git\CS211A_GraphicsAssignment\graphAssignment\graphAssignment\Debug\link.command.1.tlog
D:\dev\git\CS211A_GraphicsAssignment\graphAssignment\graphAssignment\Debug\link.read.1.tlog
D:\dev\git\CS211A_GraphicsAssignment\graphAssignment\graphAssignment\Debug\link.write.1.tlog
D:\dev\git\CS211A_GraphicsAssignment\graphAssignment\graphAssignment\Debug\vc110.idb
D:\dev\git\CS211A_GraphicsAssignment\graphAssignment\graphAssignment\Debug\vc110.pdb
D:\dev\git\CS211A_GraphicsAssignment\graphAssignment\Debug\graphAssignment.pdb
D:\dev\git\CS211A_GraphicsAssignment\graphAssignment\Debug\graphAssignment.exe
D:\dev\git\CS211A_GraphicsAssignment\graphAssignment\Debug\graphAssignment.ilk
