Build started 12/1/2013 3:59:07 PM.
     1>Project "c:\Users\JunYan\documents\visual studio 2010\Projects\graphAssignment\graphAssignment\graphAssignment.vcxproj" on node 2 (build target(s)).
     1>InitializeBuildStatus:
         Creating "Debug\graphAssignment.unsuccessfulbuild" because "AlwaysCreate" was specified.
       ClCompile:
         C:\Program Files (x86)\Microsoft Visual Studio 10.0\VC\bin\CL.exe /c /ZI /nologo /W3 /WX- /Od /Oy- /D WIN32 /D _DEBUG /D _CONSOLE /D _UNICODE /D UNICODE /Gm /EHsc /RTC1 /MDd /GS /fp:precise /Zc:wchar_t /Zc:forScope /Fo"Debug\\" /Fd"Debug\vc100.pdb" /Gd /TP /analyze- /errorReport:prompt Main.cpp
         Main.cpp
       ManifestResourceCompile:
         All outputs are up-to-date.
       Link:
         C:\Program Files (x86)\Microsoft Visual Studio 10.0\VC\bin\link.exe /ERRORREPORT:PROMPT /OUT:"c:\users\junyan\documents\visual studio 2010\Projects\graphAssignment\Debug\graphAssignment.exe" /INCREMENTAL /NOLOGO /LIBPATH:"C:\Users\JunYan\Documents\Visual Studio 2010\Projects\graphAssignment\graphAssignment" glut32.lib kernel32.lib user32.lib gdi32.lib winspool.lib comdlg32.lib advapi32.lib shell32.lib ole32.lib oleaut32.lib uuid.lib odbc32.lib odbccp32.lib /MANIFEST /ManifestFile:"Debug\graphAssignment.exe.intermediate.manifest" /MANIFESTUAC:"level='asInvoker' uiAccess='false'" /DEBUG /PDB:"c:\users\junyan\documents\visual studio 2010\Projects\graphAssignment\Debug\graphAssignment.pdb" /SUBSYSTEM:CONSOLE /TLBID:1 /DYNAMICBASE /NXCOMPAT /IMPLIB:"c:\users\junyan\documents\visual studio 2010\Projects\graphAssignment\Debug\graphAssignment.lib" /MACHINE:X86 Debug\graphAssignment.exe.embed.manifest.res
         Debug\inputModule.obj
         Debug\Main.obj
         Debug\sceneModule.obj
       Manifest:
         c:\Program Files (x86)\Microsoft SDKs\Windows\v7.0A\bin\mt.exe /nologo /verbose /out:"Debug\graphAssignment.exe.embed.manifest" /manifest Debug\graphAssignment.exe.intermediate.manifest
         All outputs are up-to-date.
       LinkEmbedManifest:
         All outputs are up-to-date.
         graphAssignment.vcxproj -> c:\users\junyan\documents\visual studio 2010\Projects\graphAssignment\Debug\graphAssignment.exe
       FinalizeBuildStatus:
         Deleting file "Debug\graphAssignment.unsuccessfulbuild".
         Touching "Debug\graphAssignment.lastbuildstate".
     1>Done Building Project "c:\Users\JunYan\documents\visual studio 2010\Projects\graphAssignment\graphAssignment\graphAssignment.vcxproj" (build target(s)).

Build succeeded.

Time Elapsed 00:00:00.85
